[2022-12-08 20:14:49,864 ] 14 root - INFO - >>>>>>>>>>>>>>>>>>>>>>>>>>>>>>>>>>>>>>>> Data Ingestion <<<<<<<<<<<<<<<<<<<<<<<<<<<<<<<<<<<<<<<<
[2022-12-08 20:14:49,864 ] 21 root - INFO - Exporting collection data as pandas dataframe
[2022-12-08 20:14:49,864 ] 18 root - INFO - Reading data from database: aps and collection: sensor
[2022-12-08 20:14:53,199 ] 20 root - INFO - Found columns: Index(['_id', 'class', 'aa_000', 'ab_000', 'ac_000', 'ad_000', 'ae_000',
       'af_000', 'ag_000', 'ag_001',
       ...
       'ee_002', 'ee_003', 'ee_004', 'ee_005', 'ee_006', 'ee_007', 'ee_008',
       'ee_009', 'ef_000', 'eg_000'],
      dtype='object', length=172)
[2022-12-08 20:14:53,199 ] 22 root - INFO - Row and columns in df: (36188, 172)
[2022-12-08 20:14:53,394 ] 24 root - INFO - Row and columns in df: (36188, 171)
[2022-12-08 20:14:53,394 ] 27 root - INFO - Save data in feature store
[2022-12-08 20:14:53,926 ] 32 root - INFO - Create feature store folder if not available
[2022-12-08 20:14:53,926 ] 35 root - INFO - Save df to feature store folder
[2022-12-08 20:14:56,312 ] 40 root - INFO - split dataset into train and test set
[2022-12-08 20:14:56,818 ] 44 root - INFO - create dataset directory folder if not available
[2022-12-08 20:14:56,819 ] 49 root - INFO - Save df to feature store folder
[2022-12-08 20:14:58,922 ] 61 root - INFO - Data ingestion artifact: DataIngestionArtifact(feature_store_file_path='/config/workspace/artifact/12082022__201449/data_ingestion/feature_store/sensor.csv', train_file_path='/config/workspace/artifact/12082022__201449/data_ingestion/dataset/train.csv', test_file_path='/config/workspace/artifact/12082022__201449/data_ingestion/dataset/test.csv')
[2022-12-08 20:14:59,293 ] 22 root - INFO - >>>>>>>>>>>>>>>>>>>>>>>>>>>>>>>>>>>>>>>> Data Validation <<<<<<<<<<<<<<<<<<<<<<<<<<<<<<<<<<<<<<<<
[2022-12-08 20:14:59,293 ] 111 root - INFO - Reading base dataframe
[2022-12-08 20:15:02,075 ] 114 root - INFO - Replace na value in base df
[2022-12-08 20:15:02,075 ] 116 root - INFO - Drop null values colums from base df
[2022-12-08 20:15:02,996 ] 45 root - INFO - selecting column name which contains null above to 0.7
[2022-12-08 20:15:02,997 ] 48 root - INFO - Columns to drop: ['ab_000', 'bn_000', 'bo_000', 'bp_000', 'bq_000', 'br_000', 'cr_000']
[2022-12-08 20:15:03,080 ] 119 root - INFO - Reading train dataframe
[2022-12-08 20:15:03,457 ] 121 root - INFO - Reading test dataframe
[2022-12-08 20:15:03,562 ] 124 root - INFO - Drop null values colums from train df
[2022-12-08 20:15:03,575 ] 45 root - INFO - selecting column name which contains null above to 0.7
[2022-12-08 20:15:03,575 ] 48 root - INFO - Columns to drop: ['ab_000', 'bn_000', 'bo_000', 'bp_000', 'bq_000', 'br_000', 'cr_000']
[2022-12-08 20:15:03,583 ] 126 root - INFO - Drop null values colums from test df
[2022-12-08 20:15:03,587 ] 45 root - INFO - selecting column name which contains null above to 0.7
[2022-12-08 20:15:03,588 ] 48 root - INFO - Columns to drop: ['ab_000', 'bn_000', 'bo_000', 'bp_000', 'bq_000', 'br_000', 'cr_000']
[2022-12-08 20:15:10,463 ] 135 root - INFO - Is all required columns present in train df
[2022-12-08 20:15:10,463 ] 137 root - INFO - Is all required columns present in test df
[2022-12-08 20:15:10,464 ] 141 root - INFO - As all column are available in train df hence detecting data drift
[2022-12-08 20:15:10,464 ] 89 root - INFO - Hypothesis class: object, object 
[2022-12-08 20:15:10,597 ] 89 root - INFO - Hypothesis aa_000: float64, float64 
[2022-12-08 20:15:10,638 ] 89 root - INFO - Hypothesis ac_000: float64, float64 
[2022-12-08 20:15:10,646 ] 89 root - INFO - Hypothesis ad_000: float64, float64 
[2022-12-08 20:15:10,653 ] 89 root - INFO - Hypothesis ae_000: float64, float64 
[2022-12-08 20:15:10,689 ] 89 root - INFO - Hypothesis af_000: float64, float64 
[2022-12-08 20:15:10,726 ] 89 root - INFO - Hypothesis ag_000: float64, float64 
[2022-12-08 20:15:10,761 ] 89 root - INFO - Hypothesis ag_001: float64, float64 
[2022-12-08 20:15:10,796 ] 89 root - INFO - Hypothesis ag_002: float64, float64 
[2022-12-08 20:15:10,831 ] 89 root - INFO - Hypothesis ag_003: float64, float64 
[2022-12-08 20:15:10,838 ] 89 root - INFO - Hypothesis ag_004: float64, float64 
[2022-12-08 20:15:10,848 ] 89 root - INFO - Hypothesis ag_005: float64, float64 
[2022-12-08 20:15:10,891 ] 89 root - INFO - Hypothesis ag_006: float64, float64 
[2022-12-08 20:15:10,932 ] 89 root - INFO - Hypothesis ag_007: float64, float64 
[2022-12-08 20:15:10,974 ] 89 root - INFO - Hypothesis ag_008: float64, float64 
[2022-12-08 20:15:11,013 ] 89 root - INFO - Hypothesis ag_009: float64, float64 
[2022-12-08 20:15:11,050 ] 89 root - INFO - Hypothesis ah_000: float64, float64 
[2022-12-08 20:15:11,061 ] 89 root - INFO - Hypothesis ai_000: float64, float64 
[2022-12-08 20:15:11,101 ] 89 root - INFO - Hypothesis aj_000: float64, float64 
[2022-12-08 20:15:11,138 ] 89 root - INFO - Hypothesis ak_000: float64, float64 
[2022-12-08 20:15:11,173 ] 89 root - INFO - Hypothesis al_000: float64, float64 
[2022-12-08 20:15:11,210 ] 89 root - INFO - Hypothesis am_0: float64, float64 
[2022-12-08 20:15:11,248 ] 89 root - INFO - Hypothesis an_000: float64, float64 
[2022-12-08 20:15:11,258 ] 89 root - INFO - Hypothesis ao_000: float64, float64 
[2022-12-08 20:15:11,268 ] 89 root - INFO - Hypothesis ap_000: float64, float64 
[2022-12-08 20:15:11,279 ] 89 root - INFO - Hypothesis aq_000: float64, float64 
[2022-12-08 20:15:11,289 ] 89 root - INFO - Hypothesis ar_000: float64, float64 
[2022-12-08 20:15:11,324 ] 89 root - INFO - Hypothesis as_000: float64, float64 
[2022-12-08 20:15:11,359 ] 89 root - INFO - Hypothesis at_000: float64, float64 
[2022-12-08 20:15:11,395 ] 89 root - INFO - Hypothesis au_000: float64, float64 
[2022-12-08 20:15:11,429 ] 89 root - INFO - Hypothesis av_000: float64, float64 
[2022-12-08 20:15:11,437 ] 89 root - INFO - Hypothesis ax_000: float64, float64 
[2022-12-08 20:15:11,445 ] 89 root - INFO - Hypothesis ay_000: float64, float64 
[2022-12-08 20:15:11,479 ] 89 root - INFO - Hypothesis ay_001: float64, float64 
[2022-12-08 20:15:11,514 ] 89 root - INFO - Hypothesis ay_002: float64, float64 
[2022-12-08 20:15:11,549 ] 89 root - INFO - Hypothesis ay_003: float64, float64 
[2022-12-08 20:15:11,584 ] 89 root - INFO - Hypothesis ay_004: float64, float64 
[2022-12-08 20:15:11,623 ] 89 root - INFO - Hypothesis ay_005: float64, float64 
[2022-12-08 20:15:11,632 ] 89 root - INFO - Hypothesis ay_006: float64, float64 
[2022-12-08 20:15:11,674 ] 89 root - INFO - Hypothesis ay_007: float64, float64 
[2022-12-08 20:15:11,715 ] 89 root - INFO - Hypothesis ay_008: float64, float64 
[2022-12-08 20:15:11,726 ] 89 root - INFO - Hypothesis ay_009: float64, float64 
[2022-12-08 20:15:11,760 ] 89 root - INFO - Hypothesis az_000: float64, float64 
[2022-12-08 20:15:11,802 ] 89 root - INFO - Hypothesis az_001: float64, float64 
[2022-12-08 20:15:11,842 ] 89 root - INFO - Hypothesis az_002: float64, float64 
[2022-12-08 20:15:11,882 ] 89 root - INFO - Hypothesis az_003: float64, float64 
[2022-12-08 20:15:11,892 ] 89 root - INFO - Hypothesis az_004: float64, float64 
[2022-12-08 20:15:11,932 ] 89 root - INFO - Hypothesis az_005: float64, float64 
[2022-12-08 20:15:11,975 ] 89 root - INFO - Hypothesis az_006: float64, float64 
[2022-12-08 20:15:12,015 ] 89 root - INFO - Hypothesis az_007: float64, float64 
[2022-12-08 20:15:12,051 ] 89 root - INFO - Hypothesis az_008: float64, float64 
[2022-12-08 20:15:12,093 ] 89 root - INFO - Hypothesis az_009: float64, float64 
[2022-12-08 20:15:12,128 ] 89 root - INFO - Hypothesis ba_000: float64, float64 
[2022-12-08 20:15:12,170 ] 89 root - INFO - Hypothesis ba_001: float64, float64 
[2022-12-08 20:15:12,210 ] 89 root - INFO - Hypothesis ba_002: float64, float64 
[2022-12-08 20:15:12,251 ] 89 root - INFO - Hypothesis ba_003: float64, float64 
[2022-12-08 20:15:12,292 ] 89 root - INFO - Hypothesis ba_004: float64, float64 
[2022-12-08 20:15:12,333 ] 89 root - INFO - Hypothesis ba_005: float64, float64 
[2022-12-08 20:15:12,375 ] 89 root - INFO - Hypothesis ba_006: float64, float64 
[2022-12-08 20:15:12,415 ] 89 root - INFO - Hypothesis ba_007: float64, float64 
[2022-12-08 20:15:12,455 ] 89 root - INFO - Hypothesis ba_008: float64, float64 
[2022-12-08 20:15:12,493 ] 89 root - INFO - Hypothesis ba_009: float64, float64 
[2022-12-08 20:15:12,530 ] 89 root - INFO - Hypothesis bb_000: float64, float64 
[2022-12-08 20:15:12,541 ] 89 root - INFO - Hypothesis bc_000: float64, float64 
[2022-12-08 20:15:12,579 ] 89 root - INFO - Hypothesis bd_000: float64, float64 
[2022-12-08 20:15:12,617 ] 89 root - INFO - Hypothesis be_000: float64, float64 
[2022-12-08 20:15:12,656 ] 89 root - INFO - Hypothesis bf_000: float64, float64 
[2022-12-08 20:15:12,695 ] 89 root - INFO - Hypothesis bg_000: float64, float64 
[2022-12-08 20:15:12,781 ] 89 root - INFO - Hypothesis bh_000: float64, float64 
[2022-12-08 20:15:12,791 ] 89 root - INFO - Hypothesis bi_000: float64, float64 
[2022-12-08 20:15:12,802 ] 89 root - INFO - Hypothesis bj_000: float64, float64 
[2022-12-08 20:15:12,812 ] 89 root - INFO - Hypothesis bk_000: float64, float64 
[2022-12-08 20:15:12,821 ] 89 root - INFO - Hypothesis bl_000: float64, float64 
[2022-12-08 20:15:12,829 ] 89 root - INFO - Hypothesis bm_000: float64, float64 
[2022-12-08 20:15:12,864 ] 89 root - INFO - Hypothesis bs_000: float64, float64 
[2022-12-08 20:15:12,875 ] 89 root - INFO - Hypothesis bt_000: float64, float64 
[2022-12-08 20:15:12,917 ] 89 root - INFO - Hypothesis bu_000: float64, float64 
[2022-12-08 20:15:12,928 ] 89 root - INFO - Hypothesis bv_000: float64, float64 
[2022-12-08 20:15:12,938 ] 89 root - INFO - Hypothesis bx_000: float64, float64 
[2022-12-08 20:15:12,979 ] 89 root - INFO - Hypothesis by_000: float64, float64 
[2022-12-08 20:15:13,022 ] 89 root - INFO - Hypothesis bz_000: float64, float64 
[2022-12-08 20:15:13,061 ] 89 root - INFO - Hypothesis ca_000: float64, float64 
[2022-12-08 20:15:13,072 ] 89 root - INFO - Hypothesis cb_000: float64, float64 
[2022-12-08 20:15:13,083 ] 89 root - INFO - Hypothesis cc_000: float64, float64 
[2022-12-08 20:15:13,124 ] 89 root - INFO - Hypothesis cd_000: float64, float64 
[2022-12-08 20:15:13,159 ] 89 root - INFO - Hypothesis ce_000: float64, float64 
[2022-12-08 20:15:13,200 ] 89 root - INFO - Hypothesis cf_000: float64, float64 
[2022-12-08 20:15:13,236 ] 89 root - INFO - Hypothesis cg_000: float64, float64 
[2022-12-08 20:15:13,243 ] 89 root - INFO - Hypothesis ch_000: float64, float64 
[2022-12-08 20:15:13,278 ] 89 root - INFO - Hypothesis ci_000: float64, float64 
[2022-12-08 20:15:13,323 ] 89 root - INFO - Hypothesis cj_000: float64, float64 
[2022-12-08 20:15:13,360 ] 89 root - INFO - Hypothesis ck_000: float64, float64 
[2022-12-08 20:15:13,370 ] 89 root - INFO - Hypothesis cl_000: float64, float64 
[2022-12-08 20:15:13,408 ] 89 root - INFO - Hypothesis cm_000: float64, float64 
[2022-12-08 20:15:13,445 ] 89 root - INFO - Hypothesis cn_000: float64, float64 
[2022-12-08 20:15:13,480 ] 89 root - INFO - Hypothesis cn_001: float64, float64 
[2022-12-08 20:15:13,516 ] 89 root - INFO - Hypothesis cn_002: float64, float64 
[2022-12-08 20:15:13,555 ] 89 root - INFO - Hypothesis cn_003: float64, float64 
[2022-12-08 20:15:13,597 ] 89 root - INFO - Hypothesis cn_004: float64, float64 
[2022-12-08 20:15:13,637 ] 89 root - INFO - Hypothesis cn_005: float64, float64 
[2022-12-08 20:15:13,682 ] 89 root - INFO - Hypothesis cn_006: float64, float64 
[2022-12-08 20:15:13,692 ] 89 root - INFO - Hypothesis cn_007: float64, float64 
[2022-12-08 20:15:13,734 ] 89 root - INFO - Hypothesis cn_008: float64, float64 
[2022-12-08 20:15:13,776 ] 89 root - INFO - Hypothesis cn_009: float64, float64 
[2022-12-08 20:15:13,814 ] 89 root - INFO - Hypothesis co_000: float64, float64 
[2022-12-08 20:15:13,851 ] 89 root - INFO - Hypothesis cp_000: float64, float64 
[2022-12-08 20:15:13,859 ] 89 root - INFO - Hypothesis cq_000: float64, float64 
[2022-12-08 20:15:13,870 ] 89 root - INFO - Hypothesis cs_000: float64, float64 
[2022-12-08 20:15:13,911 ] 89 root - INFO - Hypothesis cs_001: float64, float64 
[2022-12-08 20:15:13,950 ] 89 root - INFO - Hypothesis cs_002: float64, float64 
[2022-12-08 20:15:13,993 ] 89 root - INFO - Hypothesis cs_003: float64, float64 
[2022-12-08 20:15:14,004 ] 89 root - INFO - Hypothesis cs_004: float64, float64 
[2022-12-08 20:15:14,045 ] 89 root - INFO - Hypothesis cs_005: float64, float64 
[2022-12-08 20:15:14,089 ] 89 root - INFO - Hypothesis cs_006: float64, float64 
[2022-12-08 20:15:14,136 ] 89 root - INFO - Hypothesis cs_007: float64, float64 
[2022-12-08 20:15:14,179 ] 89 root - INFO - Hypothesis cs_008: float64, float64 
[2022-12-08 20:15:14,218 ] 89 root - INFO - Hypothesis cs_009: float64, float64 
[2022-12-08 20:15:14,253 ] 89 root - INFO - Hypothesis ct_000: float64, float64 
[2022-12-08 20:15:14,261 ] 89 root - INFO - Hypothesis cu_000: float64, float64 
[2022-12-08 20:15:14,269 ] 89 root - INFO - Hypothesis cv_000: float64, float64 
[2022-12-08 20:15:14,309 ] 89 root - INFO - Hypothesis cx_000: float64, float64 
[2022-12-08 20:15:14,348 ] 89 root - INFO - Hypothesis cy_000: float64, float64 
[2022-12-08 20:15:14,384 ] 89 root - INFO - Hypothesis cz_000: float64, float64 
[2022-12-08 20:15:14,423 ] 89 root - INFO - Hypothesis da_000: float64, float64 
[2022-12-08 20:15:14,458 ] 89 root - INFO - Hypothesis db_000: float64, float64 
[2022-12-08 20:15:14,494 ] 89 root - INFO - Hypothesis dc_000: float64, float64 
[2022-12-08 20:15:14,534 ] 89 root - INFO - Hypothesis dd_000: float64, float64 
[2022-12-08 20:15:14,575 ] 89 root - INFO - Hypothesis de_000: float64, float64 
[2022-12-08 20:15:14,583 ] 89 root - INFO - Hypothesis df_000: float64, float64 
[2022-12-08 20:15:14,618 ] 89 root - INFO - Hypothesis dg_000: float64, float64 
[2022-12-08 20:15:14,653 ] 89 root - INFO - Hypothesis dh_000: float64, float64 
[2022-12-08 20:15:14,690 ] 89 root - INFO - Hypothesis di_000: float64, float64 
[2022-12-08 20:15:14,728 ] 89 root - INFO - Hypothesis dj_000: float64, float64 
[2022-12-08 20:15:14,763 ] 89 root - INFO - Hypothesis dk_000: float64, float64 
[2022-12-08 20:15:14,799 ] 89 root - INFO - Hypothesis dl_000: float64, float64 
[2022-12-08 20:15:14,834 ] 89 root - INFO - Hypothesis dm_000: float64, float64 
[2022-12-08 20:15:14,869 ] 89 root - INFO - Hypothesis dn_000: float64, float64 
[2022-12-08 20:15:14,880 ] 89 root - INFO - Hypothesis do_000: float64, float64 
[2022-12-08 20:15:14,919 ] 89 root - INFO - Hypothesis dp_000: float64, float64 
[2022-12-08 20:15:14,958 ] 89 root - INFO - Hypothesis dq_000: float64, float64 
[2022-12-08 20:15:14,995 ] 89 root - INFO - Hypothesis dr_000: float64, float64 
[2022-12-08 20:15:15,032 ] 89 root - INFO - Hypothesis ds_000: float64, float64 
[2022-12-08 20:15:15,077 ] 89 root - INFO - Hypothesis dt_000: float64, float64 
[2022-12-08 20:15:15,087 ] 89 root - INFO - Hypothesis du_000: float64, float64 
[2022-12-08 20:15:15,097 ] 89 root - INFO - Hypothesis dv_000: float64, float64 
[2022-12-08 20:15:15,107 ] 89 root - INFO - Hypothesis dx_000: float64, float64 
[2022-12-08 20:15:15,144 ] 89 root - INFO - Hypothesis dy_000: float64, float64 
[2022-12-08 20:15:15,185 ] 89 root - INFO - Hypothesis dz_000: float64, float64 
[2022-12-08 20:15:15,221 ] 89 root - INFO - Hypothesis ea_000: float64, float64 
[2022-12-08 20:15:15,257 ] 89 root - INFO - Hypothesis eb_000: float64, float64 
[2022-12-08 20:15:15,267 ] 89 root - INFO - Hypothesis ec_00: float64, float64 
[2022-12-08 20:15:15,308 ] 89 root - INFO - Hypothesis ed_000: float64, float64 
[2022-12-08 20:15:15,347 ] 89 root - INFO - Hypothesis ee_000: float64, float64 
[2022-12-08 20:15:15,358 ] 89 root - INFO - Hypothesis ee_001: float64, float64 
[2022-12-08 20:15:15,400 ] 89 root - INFO - Hypothesis ee_002: float64, float64 
[2022-12-08 20:15:15,442 ] 89 root - INFO - Hypothesis ee_003: float64, float64 
[2022-12-08 20:15:15,484 ] 89 root - INFO - Hypothesis ee_004: float64, float64 
[2022-12-08 20:15:15,525 ] 89 root - INFO - Hypothesis ee_005: float64, float64 
[2022-12-08 20:15:15,567 ] 89 root - INFO - Hypothesis ee_006: float64, float64 
[2022-12-08 20:15:15,577 ] 89 root - INFO - Hypothesis ee_007: float64, float64 
[2022-12-08 20:15:15,618 ] 89 root - INFO - Hypothesis ee_008: float64, float64 
[2022-12-08 20:15:15,627 ] 89 root - INFO - Hypothesis ee_009: float64, float64 
[2022-12-08 20:15:15,667 ] 89 root - INFO - Hypothesis ef_000: float64, float64 
[2022-12-08 20:15:15,703 ] 89 root - INFO - Hypothesis eg_000: float64, float64 
[2022-12-08 20:15:15,739 ] 144 root - INFO - As all column are available in test df hence detecting data drift
[2022-12-08 20:15:15,739 ] 89 root - INFO - Hypothesis class: object, object 
[2022-12-08 20:15:15,812 ] 89 root - INFO - Hypothesis aa_000: float64, float64 
[2022-12-08 20:15:15,819 ] 89 root - INFO - Hypothesis ac_000: float64, float64 
[2022-12-08 20:15:15,824 ] 89 root - INFO - Hypothesis ad_000: float64, float64 
[2022-12-08 20:15:15,829 ] 89 root - INFO - Hypothesis ae_000: float64, float64 
[2022-12-08 20:15:15,832 ] 89 root - INFO - Hypothesis af_000: float64, float64 
[2022-12-08 20:15:15,836 ] 89 root - INFO - Hypothesis ag_000: float64, float64 
[2022-12-08 20:15:15,850 ] 89 root - INFO - Hypothesis ag_001: float64, float64 
[2022-12-08 20:15:15,865 ] 89 root - INFO - Hypothesis ag_002: float64, float64 
[2022-12-08 20:15:15,868 ] 89 root - INFO - Hypothesis ag_003: float64, float64 
[2022-12-08 20:15:15,872 ] 89 root - INFO - Hypothesis ag_004: float64, float64 
[2022-12-08 20:15:15,879 ] 89 root - INFO - Hypothesis ag_005: float64, float64 
[2022-12-08 20:15:15,886 ] 89 root - INFO - Hypothesis ag_006: float64, float64 
[2022-12-08 20:15:15,893 ] 89 root - INFO - Hypothesis ag_007: float64, float64 
[2022-12-08 20:15:15,899 ] 89 root - INFO - Hypothesis ag_008: float64, float64 
[2022-12-08 20:15:15,905 ] 89 root - INFO - Hypothesis ag_009: float64, float64 
[2022-12-08 20:15:15,910 ] 89 root - INFO - Hypothesis ah_000: float64, float64 
[2022-12-08 20:15:15,917 ] 89 root - INFO - Hypothesis ai_000: float64, float64 
[2022-12-08 20:15:15,921 ] 89 root - INFO - Hypothesis aj_000: float64, float64 
[2022-12-08 20:15:15,926 ] 89 root - INFO - Hypothesis ak_000: float64, float64 
[2022-12-08 20:15:15,930 ] 89 root - INFO - Hypothesis al_000: float64, float64 
[2022-12-08 20:15:15,935 ] 89 root - INFO - Hypothesis am_0: float64, float64 
[2022-12-08 20:15:15,940 ] 89 root - INFO - Hypothesis an_000: float64, float64 
[2022-12-08 20:15:15,947 ] 89 root - INFO - Hypothesis ao_000: float64, float64 
[2022-12-08 20:15:15,955 ] 89 root - INFO - Hypothesis ap_000: float64, float64 
[2022-12-08 20:15:15,962 ] 89 root - INFO - Hypothesis aq_000: float64, float64 
[2022-12-08 20:15:15,969 ] 89 root - INFO - Hypothesis ar_000: float64, float64 
[2022-12-08 20:15:15,972 ] 89 root - INFO - Hypothesis as_000: float64, float64 
[2022-12-08 20:15:15,987 ] 89 root - INFO - Hypothesis at_000: float64, float64 
[2022-12-08 20:15:15,991 ] 89 root - INFO - Hypothesis au_000: float64, float64 
[2022-12-08 20:15:16,007 ] 89 root - INFO - Hypothesis av_000: float64, float64 
[2022-12-08 20:15:16,015 ] 89 root - INFO - Hypothesis ax_000: float64, float64 
[2022-12-08 20:15:16,022 ] 89 root - INFO - Hypothesis ay_000: float64, float64 
[2022-12-08 20:15:16,040 ] 89 root - INFO - Hypothesis ay_001: float64, float64 
[2022-12-08 20:15:16,056 ] 89 root - INFO - Hypothesis ay_002: float64, float64 
[2022-12-08 20:15:16,073 ] 89 root - INFO - Hypothesis ay_003: float64, float64 
[2022-12-08 20:15:16,088 ] 89 root - INFO - Hypothesis ay_004: float64, float64 
[2022-12-08 20:15:16,102 ] 89 root - INFO - Hypothesis ay_005: float64, float64 
[2022-12-08 20:15:16,108 ] 89 root - INFO - Hypothesis ay_006: float64, float64 
[2022-12-08 20:15:16,114 ] 89 root - INFO - Hypothesis ay_007: float64, float64 
[2022-12-08 20:15:16,120 ] 89 root - INFO - Hypothesis ay_008: float64, float64 
[2022-12-08 20:15:16,127 ] 89 root - INFO - Hypothesis ay_009: float64, float64 
[2022-12-08 20:15:16,141 ] 89 root - INFO - Hypothesis az_000: float64, float64 
[2022-12-08 20:15:16,148 ] 89 root - INFO - Hypothesis az_001: float64, float64 
[2022-12-08 20:15:16,154 ] 89 root - INFO - Hypothesis az_002: float64, float64 
[2022-12-08 20:15:16,160 ] 89 root - INFO - Hypothesis az_003: float64, float64 
[2022-12-08 20:15:16,167 ] 89 root - INFO - Hypothesis az_004: float64, float64 
[2022-12-08 20:15:16,174 ] 89 root - INFO - Hypothesis az_005: float64, float64 
[2022-12-08 20:15:16,181 ] 89 root - INFO - Hypothesis az_006: float64, float64 
[2022-12-08 20:15:16,187 ] 89 root - INFO - Hypothesis az_007: float64, float64 
[2022-12-08 20:15:16,191 ] 89 root - INFO - Hypothesis az_008: float64, float64 
[2022-12-08 20:15:16,195 ] 89 root - INFO - Hypothesis az_009: float64, float64 
[2022-12-08 20:15:16,209 ] 89 root - INFO - Hypothesis ba_000: float64, float64 
[2022-12-08 20:15:16,216 ] 89 root - INFO - Hypothesis ba_001: float64, float64 
[2022-12-08 20:15:16,223 ] 89 root - INFO - Hypothesis ba_002: float64, float64 
[2022-12-08 20:15:16,230 ] 89 root - INFO - Hypothesis ba_003: float64, float64 
[2022-12-08 20:15:16,237 ] 89 root - INFO - Hypothesis ba_004: float64, float64 
[2022-12-08 20:15:16,244 ] 89 root - INFO - Hypothesis ba_005: float64, float64 
[2022-12-08 20:15:16,250 ] 89 root - INFO - Hypothesis ba_006: float64, float64 
[2022-12-08 20:15:16,257 ] 89 root - INFO - Hypothesis ba_007: float64, float64 
[2022-12-08 20:15:16,265 ] 89 root - INFO - Hypothesis ba_008: float64, float64 
[2022-12-08 20:15:16,270 ] 89 root - INFO - Hypothesis ba_009: float64, float64 
[2022-12-08 20:15:16,275 ] 89 root - INFO - Hypothesis bb_000: float64, float64 
[2022-12-08 20:15:16,282 ] 89 root - INFO - Hypothesis bc_000: float64, float64 
[2022-12-08 20:15:16,287 ] 89 root - INFO - Hypothesis bd_000: float64, float64 
[2022-12-08 20:15:16,293 ] 89 root - INFO - Hypothesis be_000: float64, float64 
[2022-12-08 20:15:16,298 ] 89 root - INFO - Hypothesis bf_000: float64, float64 
[2022-12-08 20:15:16,303 ] 89 root - INFO - Hypothesis bg_000: float64, float64 
[2022-12-08 20:15:16,310 ] 89 root - INFO - Hypothesis bh_000: float64, float64 
[2022-12-08 20:15:16,318 ] 89 root - INFO - Hypothesis bi_000: float64, float64 
[2022-12-08 20:15:16,325 ] 89 root - INFO - Hypothesis bj_000: float64, float64 
[2022-12-08 20:15:16,333 ] 89 root - INFO - Hypothesis bk_000: float64, float64 
[2022-12-08 20:15:16,339 ] 89 root - INFO - Hypothesis bl_000: float64, float64 
[2022-12-08 20:15:16,345 ] 89 root - INFO - Hypothesis bm_000: float64, float64 
[2022-12-08 20:15:16,349 ] 89 root - INFO - Hypothesis bs_000: float64, float64 
[2022-12-08 20:15:16,356 ] 89 root - INFO - Hypothesis bt_000: float64, float64 
[2022-12-08 20:15:16,364 ] 89 root - INFO - Hypothesis bu_000: float64, float64 
[2022-12-08 20:15:16,371 ] 89 root - INFO - Hypothesis bv_000: float64, float64 
[2022-12-08 20:15:16,378 ] 89 root - INFO - Hypothesis bx_000: float64, float64 
[2022-12-08 20:15:16,385 ] 89 root - INFO - Hypothesis by_000: float64, float64 
[2022-12-08 20:15:16,393 ] 89 root - INFO - Hypothesis bz_000: float64, float64 
[2022-12-08 20:15:16,399 ] 89 root - INFO - Hypothesis ca_000: float64, float64 
[2022-12-08 20:15:16,407 ] 89 root - INFO - Hypothesis cb_000: float64, float64 
[2022-12-08 20:15:16,415 ] 89 root - INFO - Hypothesis cc_000: float64, float64 
[2022-12-08 20:15:16,422 ] 89 root - INFO - Hypothesis cd_000: float64, float64 
[2022-12-08 20:15:16,437 ] 89 root - INFO - Hypothesis ce_000: float64, float64 
[2022-12-08 20:15:16,444 ] 89 root - INFO - Hypothesis cf_000: float64, float64 
[2022-12-08 20:15:16,460 ] 89 root - INFO - Hypothesis cg_000: float64, float64 
[2022-12-08 20:15:16,466 ] 89 root - INFO - Hypothesis ch_000: float64, float64 
[2022-12-08 20:15:16,482 ] 89 root - INFO - Hypothesis ci_000: float64, float64 
[2022-12-08 20:15:16,489 ] 89 root - INFO - Hypothesis cj_000: float64, float64 
[2022-12-08 20:15:16,493 ] 89 root - INFO - Hypothesis ck_000: float64, float64 
[2022-12-08 20:15:16,500 ] 89 root - INFO - Hypothesis cl_000: float64, float64 
[2022-12-08 20:15:16,504 ] 89 root - INFO - Hypothesis cm_000: float64, float64 
[2022-12-08 20:15:16,509 ] 89 root - INFO - Hypothesis cn_000: float64, float64 
[2022-12-08 20:15:16,523 ] 89 root - INFO - Hypothesis cn_001: float64, float64 
[2022-12-08 20:15:16,527 ] 89 root - INFO - Hypothesis cn_002: float64, float64 
[2022-12-08 20:15:16,533 ] 89 root - INFO - Hypothesis cn_003: float64, float64 
[2022-12-08 20:15:16,541 ] 89 root - INFO - Hypothesis cn_004: float64, float64 
[2022-12-08 20:15:16,548 ] 89 root - INFO - Hypothesis cn_005: float64, float64 
[2022-12-08 20:15:16,555 ] 89 root - INFO - Hypothesis cn_006: float64, float64 
[2022-12-08 20:15:16,562 ] 89 root - INFO - Hypothesis cn_007: float64, float64 
[2022-12-08 20:15:16,568 ] 89 root - INFO - Hypothesis cn_008: float64, float64 
[2022-12-08 20:15:16,574 ] 89 root - INFO - Hypothesis cn_009: float64, float64 
[2022-12-08 20:15:16,591 ] 89 root - INFO - Hypothesis co_000: float64, float64 
[2022-12-08 20:15:16,596 ] 89 root - INFO - Hypothesis cp_000: float64, float64 
[2022-12-08 20:15:16,601 ] 89 root - INFO - Hypothesis cq_000: float64, float64 
[2022-12-08 20:15:16,608 ] 89 root - INFO - Hypothesis cs_000: float64, float64 
[2022-12-08 20:15:16,614 ] 89 root - INFO - Hypothesis cs_001: float64, float64 
[2022-12-08 20:15:16,620 ] 89 root - INFO - Hypothesis cs_002: float64, float64 
[2022-12-08 20:15:16,627 ] 89 root - INFO - Hypothesis cs_003: float64, float64 
[2022-12-08 20:15:16,634 ] 89 root - INFO - Hypothesis cs_004: float64, float64 
[2022-12-08 20:15:16,641 ] 89 root - INFO - Hypothesis cs_005: float64, float64 
[2022-12-08 20:15:16,647 ] 89 root - INFO - Hypothesis cs_006: float64, float64 
[2022-12-08 20:15:16,654 ] 89 root - INFO - Hypothesis cs_007: float64, float64 
[2022-12-08 20:15:16,661 ] 89 root - INFO - Hypothesis cs_008: float64, float64 
[2022-12-08 20:15:16,667 ] 89 root - INFO - Hypothesis cs_009: float64, float64 
[2022-12-08 20:15:16,682 ] 89 root - INFO - Hypothesis ct_000: float64, float64 
[2022-12-08 20:15:16,687 ] 89 root - INFO - Hypothesis cu_000: float64, float64 
[2022-12-08 20:15:16,693 ] 89 root - INFO - Hypothesis cv_000: float64, float64 
[2022-12-08 20:15:16,699 ] 89 root - INFO - Hypothesis cx_000: float64, float64 
[2022-12-08 20:15:16,706 ] 89 root - INFO - Hypothesis cy_000: float64, float64 
[2022-12-08 20:15:16,710 ] 89 root - INFO - Hypothesis cz_000: float64, float64 
[2022-12-08 20:15:16,715 ] 89 root - INFO - Hypothesis da_000: float64, float64 
[2022-12-08 20:15:16,730 ] 89 root - INFO - Hypothesis db_000: float64, float64 
[2022-12-08 20:15:16,735 ] 89 root - INFO - Hypothesis dc_000: float64, float64 
[2022-12-08 20:15:16,741 ] 89 root - INFO - Hypothesis dd_000: float64, float64 
[2022-12-08 20:15:16,747 ] 89 root - INFO - Hypothesis de_000: float64, float64 
[2022-12-08 20:15:16,753 ] 89 root - INFO - Hypothesis df_000: float64, float64 
[2022-12-08 20:15:16,770 ] 89 root - INFO - Hypothesis dg_000: float64, float64 
[2022-12-08 20:15:16,785 ] 89 root - INFO - Hypothesis dh_000: float64, float64 
[2022-12-08 20:15:16,788 ] 89 root - INFO - Hypothesis di_000: float64, float64 
[2022-12-08 20:15:16,793 ] 89 root - INFO - Hypothesis dj_000: float64, float64 
[2022-12-08 20:15:16,807 ] 89 root - INFO - Hypothesis dk_000: float64, float64 
[2022-12-08 20:15:16,822 ] 89 root - INFO - Hypothesis dl_000: float64, float64 
[2022-12-08 20:15:16,837 ] 89 root - INFO - Hypothesis dm_000: float64, float64 
[2022-12-08 20:15:16,852 ] 89 root - INFO - Hypothesis dn_000: float64, float64 
[2022-12-08 20:15:16,859 ] 89 root - INFO - Hypothesis do_000: float64, float64 
[2022-12-08 20:15:16,865 ] 89 root - INFO - Hypothesis dp_000: float64, float64 
[2022-12-08 20:15:16,871 ] 89 root - INFO - Hypothesis dq_000: float64, float64 
[2022-12-08 20:15:16,875 ] 89 root - INFO - Hypothesis dr_000: float64, float64 
[2022-12-08 20:15:16,879 ] 89 root - INFO - Hypothesis ds_000: float64, float64 
[2022-12-08 20:15:16,886 ] 89 root - INFO - Hypothesis dt_000: float64, float64 
[2022-12-08 20:15:16,893 ] 89 root - INFO - Hypothesis du_000: float64, float64 
[2022-12-08 20:15:16,899 ] 89 root - INFO - Hypothesis dv_000: float64, float64 
[2022-12-08 20:15:16,906 ] 89 root - INFO - Hypothesis dx_000: float64, float64 
[2022-12-08 20:15:16,911 ] 89 root - INFO - Hypothesis dy_000: float64, float64 
[2022-12-08 20:15:16,915 ] 89 root - INFO - Hypothesis dz_000: float64, float64 
[2022-12-08 20:15:16,931 ] 89 root - INFO - Hypothesis ea_000: float64, float64 
[2022-12-08 20:15:16,935 ] 89 root - INFO - Hypothesis eb_000: float64, float64 
[2022-12-08 20:15:16,941 ] 89 root - INFO - Hypothesis ec_00: float64, float64 
[2022-12-08 20:15:16,947 ] 89 root - INFO - Hypothesis ed_000: float64, float64 
[2022-12-08 20:15:16,953 ] 89 root - INFO - Hypothesis ee_000: float64, float64 
[2022-12-08 20:15:16,961 ] 89 root - INFO - Hypothesis ee_001: float64, float64 
[2022-12-08 20:15:16,968 ] 89 root - INFO - Hypothesis ee_002: float64, float64 
[2022-12-08 20:15:16,975 ] 89 root - INFO - Hypothesis ee_003: float64, float64 
[2022-12-08 20:15:16,982 ] 89 root - INFO - Hypothesis ee_004: float64, float64 
[2022-12-08 20:15:16,989 ] 89 root - INFO - Hypothesis ee_005: float64, float64 
[2022-12-08 20:15:16,995 ] 89 root - INFO - Hypothesis ee_006: float64, float64 
[2022-12-08 20:15:17,003 ] 89 root - INFO - Hypothesis ee_007: float64, float64 
[2022-12-08 20:15:17,009 ] 89 root - INFO - Hypothesis ee_008: float64, float64 
[2022-12-08 20:15:17,016 ] 89 root - INFO - Hypothesis ee_009: float64, float64 
[2022-12-08 20:15:17,024 ] 89 root - INFO - Hypothesis ef_000: float64, float64 
[2022-12-08 20:15:17,027 ] 89 root - INFO - Hypothesis eg_000: float64, float64 
[2022-12-08 20:15:17,030 ] 148 root - INFO - Write reprt in yaml file
