[2022-12-08 20:04:13,642 ] 14 root - INFO - >>>>>>>>>>>>>>>>>>>>>>>>>>>>>>>>>>>>>>>> Data Ingestion <<<<<<<<<<<<<<<<<<<<<<<<<<<<<<<<<<<<<<<<
[2022-12-08 20:04:13,642 ] 21 root - INFO - Exporting collection data as pandas dataframe
[2022-12-08 20:04:13,642 ] 17 root - INFO - Reading data from database: aps and collection: sensor
[2022-12-08 20:04:18,324 ] 19 root - INFO - Found columns: Index(['_id', 'class', 'aa_000', 'ab_000', 'ac_000', 'ad_000', 'ae_000',
       'af_000', 'ag_000', 'ag_001',
       ...
       'ee_002', 'ee_003', 'ee_004', 'ee_005', 'ee_006', 'ee_007', 'ee_008',
       'ee_009', 'ef_000', 'eg_000'],
      dtype='object', length=172)
[2022-12-08 20:04:18,324 ] 21 root - INFO - Row and columns in df: (36188, 172)
[2022-12-08 20:04:18,530 ] 23 root - INFO - Row and columns in df: (36188, 171)
[2022-12-08 20:04:18,530 ] 27 root - INFO - Save data in feature store
[2022-12-08 20:04:19,256 ] 32 root - INFO - Create feature store folder if not available
[2022-12-08 20:04:19,257 ] 35 root - INFO - Save df to feature store folder
[2022-12-08 20:04:21,976 ] 40 root - INFO - split dataset into train and test set
[2022-12-08 20:04:22,693 ] 44 root - INFO - create dataset directory folder if not available
[2022-12-08 20:04:22,694 ] 49 root - INFO - Save df to feature store folder
[2022-12-08 20:04:25,019 ] 61 root - INFO - Data ingestion artifact: DataIngestionArtifact(feature_store_file_path='/config/workspace/artifact/12082022__200413/data_ingestion/feature_store/sensor.csv', train_file_path='/config/workspace/artifact/12082022__200413/data_ingestion/dataset/train.csv', test_file_path='/config/workspace/artifact/12082022__200413/data_ingestion/dataset/test.csv')
[2022-12-08 20:04:25,524 ] 22 root - INFO - >>>>>>>>>>>>>>>>>>>>>>>>>>>>>>>>>>>>>>>> Data Validation <<<<<<<<<<<<<<<<<<<<<<<<<<<<<<<<<<<<<<<<
[2022-12-08 20:04:25,524 ] 111 root - INFO - Reading base dataframe
[2022-12-08 20:04:28,494 ] 114 root - INFO - Replace na value in base df
[2022-12-08 20:04:28,494 ] 116 root - INFO - Drop null values colums from base df
[2022-12-08 20:04:29,427 ] 45 root - INFO - selecting column name which contains null above to 0.7
[2022-12-08 20:04:29,427 ] 48 root - INFO - Columns to drop: ['ab_000', 'bn_000', 'bo_000', 'bp_000', 'bq_000', 'br_000', 'cr_000']
[2022-12-08 20:04:29,517 ] 119 root - INFO - Reading train dataframe
[2022-12-08 20:04:29,916 ] 121 root - INFO - Reading test dataframe
[2022-12-08 20:04:30,026 ] 124 root - INFO - Drop null values colums from train df
[2022-12-08 20:04:30,038 ] 45 root - INFO - selecting column name which contains null above to 0.7
[2022-12-08 20:04:30,038 ] 48 root - INFO - Columns to drop: ['ab_000', 'bn_000', 'bo_000', 'bp_000', 'bq_000', 'br_000', 'cr_000']
[2022-12-08 20:04:30,048 ] 126 root - INFO - Drop null values colums from test df
[2022-12-08 20:04:30,053 ] 45 root - INFO - selecting column name which contains null above to 0.7
[2022-12-08 20:04:30,053 ] 48 root - INFO - Columns to drop: ['ab_000', 'bn_000', 'bo_000', 'bp_000', 'bq_000', 'br_000', 'cr_000']
